
2024/09/06 (11:14:37) | ===> btop++ v.1.3.2
2024/09/06 (11:14:37) | INFO: Logger set to DEBUG
2024/09/06 (11:14:37) | DEBUG: Writing new config file
2024/09/06 (11:14:37) | ERROR: No UTF-8 locale detected!
Use --utf-force argument to force start if you're sure your terminal can handle it.
2024/09/06 (11:14:37) | INFO: Quitting! Runtime: 00:00:00

2024/09/06 (11:14:49) | ===> btop++ v.1.3.2
2024/09/06 (11:14:49) | INFO: Logger set to DEBUG
2024/09/06 (11:14:49) | WARNING: No UTF-8 locale detected! Forcing start with --utf-force argument.
2024/09/06 (11:14:49) | INFO: Running on /dev/pts/0
2024/09/06 (11:14:49) | INFO: Failed to load libnvidia-ml.so, NVIDIA GPUs will not be detected: libnvidia-ml.so.1: cannot open shared object file: No such file or directory
2024/09/06 (11:14:49) | INFO: Failed to load librocm_smi64.so, AMD GPUs will not be detected: librocm_smi64.so.6: cannot open shared object file: No such file or directory
2024/09/06 (11:14:49) | DEBUG: Shared::init() : Initialized.
2024/09/06 (11:14:49) | DEBUG: Loading theme file: /home/novo/.config/btop/themes/catppuccin_mocha.theme

2024/09/06 (12:02:52) | ===> btop++ v.1.3.2
2024/09/06 (12:02:52) | INFO: Logger set to DEBUG
2024/09/06 (12:02:52) | WARNING: No UTF-8 locale detected! Forcing start with --utf-force argument.
2024/09/06 (12:02:52) | INFO: Running on /dev/pts/0
2024/09/06 (12:02:52) | INFO: Failed to load libnvidia-ml.so, NVIDIA GPUs will not be detected: libnvidia-ml.so.1: cannot open shared object file: No such file or directory
2024/09/06 (12:02:52) | INFO: Failed to load librocm_smi64.so, AMD GPUs will not be detected: librocm_smi64.so.6: cannot open shared object file: No such file or directory
2024/09/06 (12:02:52) | DEBUG: Shared::init() : Initialized.
2024/09/06 (12:02:52) | DEBUG: Loading theme file: /home/novo/.config/btop/themes/catppuccin_mocha.theme

2024/09/18 (16:56:31) | ===> btop++ v.1.3.2
2024/09/18 (16:56:31) | INFO: Logger set to DEBUG
2024/09/18 (16:56:31) | WARNING: No UTF-8 locale detected! Forcing start with --utf-force argument.
2024/09/18 (16:56:31) | INFO: Running on /dev/pts/0
2024/09/18 (16:56:31) | INFO: Failed to load libnvidia-ml.so, NVIDIA GPUs will not be detected: libnvidia-ml.so.1: cannot open shared object file: No such file or directory
2024/09/18 (16:56:31) | INFO: Failed to load librocm_smi64.so, AMD GPUs will not be detected: librocm_smi64.so.6: cannot open shared object file: No such file or directory
2024/09/18 (16:56:31) | DEBUG: Shared::init() : Initialized.
2024/09/18 (16:56:31) | DEBUG: Loading theme file: /home/novo/.config/btop/themes/catppuccin_mocha.theme

2024/09/18 (18:12:25) | ===> btop++ v.1.3.2
2024/09/18 (18:12:25) | INFO: Logger set to DEBUG
2024/09/18 (18:12:25) | WARNING: No UTF-8 locale detected! Forcing start with --utf-force argument.
2024/09/18 (18:12:25) | INFO: Running on /dev/pts/0
2024/09/18 (18:12:25) | INFO: Failed to load libnvidia-ml.so, NVIDIA GPUs will not be detected: libnvidia-ml.so.1: cannot open shared object file: No such file or directory
2024/09/18 (18:12:25) | INFO: Failed to load librocm_smi64.so, AMD GPUs will not be detected: librocm_smi64.so.6: cannot open shared object file: No such file or directory
2024/09/18 (18:12:25) | DEBUG: Shared::init() : Initialized.
2024/09/18 (18:12:25) | DEBUG: Loading theme file: /home/novo/.config/btop/themes/catppuccin_mocha.theme

2024/09/18 (18:27:04) | ===> btop++ v.1.3.2
2024/09/18 (18:27:04) | INFO: Logger set to DEBUG
2024/09/18 (18:27:04) | WARNING: No UTF-8 locale detected! Forcing start with --utf-force argument.
2024/09/18 (18:27:04) | INFO: Running on /dev/pts/0
2024/09/18 (18:27:04) | INFO: Failed to load libnvidia-ml.so, NVIDIA GPUs will not be detected: libnvidia-ml.so.1: cannot open shared object file: No such file or directory
2024/09/18 (18:27:04) | INFO: Failed to load librocm_smi64.so, AMD GPUs will not be detected: librocm_smi64.so.6: cannot open shared object file: No such file or directory
2024/09/18 (18:27:04) | DEBUG: Shared::init() : Initialized.
2024/09/18 (18:27:04) | DEBUG: Loading theme file: /home/novo/.config/btop/themes/catppuccin_mocha.theme

2024/09/18 (18:54:45) | ===> btop++ v.1.3.2
2024/09/18 (18:54:45) | INFO: Logger set to DEBUG
2024/09/18 (18:54:45) | WARNING: No UTF-8 locale detected! Forcing start with --utf-force argument.
2024/09/18 (18:54:45) | INFO: Running on /dev/pts/0
2024/09/18 (18:54:45) | INFO: Failed to load libnvidia-ml.so, NVIDIA GPUs will not be detected: libnvidia-ml.so.1: cannot open shared object file: No such file or directory
2024/09/18 (18:54:45) | INFO: Failed to load librocm_smi64.so, AMD GPUs will not be detected: librocm_smi64.so.6: cannot open shared object file: No such file or directory
2024/09/18 (18:54:45) | DEBUG: Shared::init() : Initialized.
2024/09/18 (18:54:45) | DEBUG: Loading theme file: /home/novo/.config/btop/themes/catppuccin_mocha.theme

2024/09/19 (11:53:00) | ===> btop++ v.1.3.2
2024/09/19 (11:53:00) | INFO: Logger set to DEBUG
2024/09/19 (11:53:00) | WARNING: No UTF-8 locale detected! Forcing start with --utf-force argument.
2024/09/19 (11:53:00) | INFO: Running on /dev/pts/0
2024/09/19 (11:53:00) | INFO: Failed to load libnvidia-ml.so, NVIDIA GPUs will not be detected: libnvidia-ml.so.1: cannot open shared object file: No such file or directory
2024/09/19 (11:53:00) | INFO: Failed to load librocm_smi64.so, AMD GPUs will not be detected: librocm_smi64.so.6: cannot open shared object file: No such file or directory
2024/09/19 (11:53:00) | DEBUG: Shared::init() : Initialized.
2024/09/19 (11:53:00) | DEBUG: Loading theme file: /home/novo/.config/btop/themes/catppuccin_mocha.theme

2024/09/19 (14:25:29) | ===> btop++ v.1.3.2
2024/09/19 (14:25:29) | INFO: Logger set to DEBUG
2024/09/19 (14:25:29) | WARNING: No UTF-8 locale detected! Forcing start with --utf-force argument.
2024/09/19 (14:25:29) | INFO: Running on /dev/pts/1
2024/09/19 (14:25:29) | INFO: Failed to load libnvidia-ml.so, NVIDIA GPUs will not be detected: libnvidia-ml.so.1: cannot open shared object file: No such file or directory
2024/09/19 (14:25:29) | INFO: Failed to load librocm_smi64.so, AMD GPUs will not be detected: librocm_smi64.so.6: cannot open shared object file: No such file or directory
2024/09/19 (14:25:29) | DEBUG: Shared::init() : Initialized.
2024/09/19 (14:25:29) | DEBUG: Loading theme file: /home/novo/.config/btop/themes/catppuccin_mocha.theme

2024/09/20 (22:04:16) | ===> btop++ v.1.3.2
2024/09/20 (22:04:16) | INFO: Logger set to DEBUG
2024/09/20 (22:04:16) | WARNING: No UTF-8 locale detected! Forcing start with --utf-force argument.
2024/09/20 (22:04:16) | INFO: Running on /dev/pts/1
2024/09/20 (22:04:16) | INFO: Failed to load libnvidia-ml.so, NVIDIA GPUs will not be detected: libnvidia-ml.so.1: cannot open shared object file: No such file or directory
2024/09/20 (22:04:16) | INFO: Failed to load librocm_smi64.so, AMD GPUs will not be detected: librocm_smi64.so.6: cannot open shared object file: No such file or directory
2024/09/20 (22:04:16) | DEBUG: Shared::init() : Initialized.
2024/09/20 (22:04:16) | DEBUG: Loading theme file: /home/novo/.config/btop/themes/catppuccin_mocha.theme
2024/09/20 (22:09:37) | DEBUG: Writing new config file
2024/09/20 (22:09:37) | INFO: Quitting! Runtime: 00:05:21

2024/09/21 (13:29:13) | ===> btop++ v.1.3.2
2024/09/21 (13:29:13) | INFO: Logger set to DEBUG
2024/09/21 (13:29:13) | WARNING: No UTF-8 locale detected! Forcing start with --utf-force argument.
2024/09/21 (13:29:13) | INFO: Running on /dev/pts/0
2024/09/21 (13:29:13) | INFO: Failed to load libnvidia-ml.so, NVIDIA GPUs will not be detected: libnvidia-ml.so.1: cannot open shared object file: No such file or directory
2024/09/21 (13:29:13) | INFO: Failed to load librocm_smi64.so, AMD GPUs will not be detected: librocm_smi64.so.6: cannot open shared object file: No such file or directory
2024/09/21 (13:29:13) | DEBUG: Shared::init() : Initialized.
2024/09/21 (13:29:13) | DEBUG: Loading theme file: /home/novo/.config/btop/themes/catppuccin_mocha.theme

2024/09/27 (18:54:37) | ===> btop++ v.1.3.2
2024/09/27 (18:54:37) | INFO: Logger set to DEBUG
2024/09/27 (18:54:37) | WARNING: No UTF-8 locale detected! Forcing start with --utf-force argument.
2024/09/27 (18:54:37) | INFO: Running on /dev/pts/0
2024/09/27 (18:54:37) | INFO: Failed to load libnvidia-ml.so, NVIDIA GPUs will not be detected: libnvidia-ml.so.1: cannot open shared object file: No such file or directory
2024/09/27 (18:54:37) | INFO: Failed to load librocm_smi64.so, AMD GPUs will not be detected: librocm_smi64.so.6: cannot open shared object file: No such file or directory
2024/09/27 (18:54:37) | DEBUG: Shared::init() : Initialized.
2024/09/27 (18:54:37) | DEBUG: Loading theme file: /home/novo/.config/btop/themes/catppuccin_mocha.theme

2024/10/02 (13:34:36) | ===> btop++ v.1.4.0
2024/10/02 (13:34:36) | INFO: Logger set to DEBUG
2024/10/02 (13:34:36) | WARNING: No UTF-8 locale detected! Forcing start with --utf-force argument.
2024/10/02 (13:34:36) | INFO: Running on /dev/pts/1
2024/10/02 (13:34:36) | INFO: Failed to load libnvidia-ml.so, NVIDIA GPUs will not be detected: libnvidia-ml.so.1: cannot open shared object file: No such file or directory
2024/10/02 (13:34:36) | INFO: Failed to load librocm_smi64.so, AMD GPUs will not be detected: librocm_smi64.so.6: cannot open shared object file: No such file or directory
2024/10/02 (13:34:36) | DEBUG: Failed to find Intel GPU sysfs path, Intel GPUs will not be detected
2024/10/02 (13:34:36) | DEBUG: Shared::init() : Initialized.
2024/10/02 (13:34:36) | DEBUG: Loading theme file: /home/novo/.config/btop/themes/catppuccin_mocha.theme

2024/10/05 (08:47:25) | ===> btop++ v.1.4.0
2024/10/05 (08:47:25) | INFO: Logger set to DEBUG
2024/10/05 (08:47:25) | DEBUG: Writing new config file
2024/10/05 (08:47:25) | ERROR: No UTF-8 locale detected!
Use --utf-force argument to force start if you're sure your terminal can handle it.
2024/10/05 (08:47:25) | INFO: Quitting! Runtime: 00:00:00

2024/10/05 (17:38:59) | ===> btop++ v.1.4.0
2024/10/05 (17:38:59) | INFO: Logger set to DEBUG
2024/10/05 (17:38:59) | ERROR: No UTF-8 locale detected!
Use --utf-force argument to force start if you're sure your terminal can handle it.
2024/10/05 (17:38:59) | INFO: Quitting! Runtime: 00:00:00

2024/10/05 (17:39:13) | ===> btop++ v.1.4.0
2024/10/05 (17:39:13) | INFO: Logger set to DEBUG
2024/10/05 (17:39:13) | WARNING: No UTF-8 locale detected! Forcing start with --utf-force argument.
2024/10/05 (17:39:13) | INFO: Running on /dev/pts/2
2024/10/05 (17:39:13) | INFO: Failed to load libnvidia-ml.so, NVIDIA GPUs will not be detected: libnvidia-ml.so.1: cannot open shared object file: No such file or directory
2024/10/05 (17:39:13) | INFO: Failed to load librocm_smi64.so, AMD GPUs will not be detected: librocm_smi64.so.6: cannot open shared object file: No such file or directory
2024/10/05 (17:39:13) | DEBUG: Failed to find Intel GPU sysfs path, Intel GPUs will not be detected
2024/10/05 (17:39:13) | DEBUG: Shared::init() : Initialized.
2024/10/05 (17:39:13) | DEBUG: Loading theme file: /home/novo/.config/btop/themes/catppuccin_mocha.theme

2024/10/05 (21:04:27) | ===> btop++ v.1.4.0
2024/10/05 (21:04:27) | INFO: Logger set to DEBUG
2024/10/05 (21:04:27) | WARNING: No UTF-8 locale detected! Forcing start with --utf-force argument.
2024/10/05 (21:04:27) | INFO: Running on /dev/pts/3
2024/10/05 (21:04:27) | INFO: Failed to load libnvidia-ml.so, NVIDIA GPUs will not be detected: libnvidia-ml.so.1: cannot open shared object file: No such file or directory
2024/10/05 (21:04:27) | INFO: Failed to load librocm_smi64.so, AMD GPUs will not be detected: librocm_smi64.so.6: cannot open shared object file: No such file or directory
2024/10/05 (21:04:27) | DEBUG: Failed to find Intel GPU sysfs path, Intel GPUs will not be detected
2024/10/05 (21:04:27) | DEBUG: Shared::init() : Initialized.
2024/10/05 (21:04:27) | DEBUG: Loading theme file: /home/novo/.config/btop/themes/catppuccin_mocha.theme

2024/10/10 (14:15:55) | ===> btop++ v.1.4.0
2024/10/10 (14:15:55) | INFO: Logger set to DEBUG
2024/10/10 (14:15:55) | WARNING: No UTF-8 locale detected! Forcing start with --utf-force argument.
2024/10/10 (14:15:55) | INFO: Running on /dev/pts/0
2024/10/10 (14:15:55) | INFO: Failed to load libnvidia-ml.so, NVIDIA GPUs will not be detected: libnvidia-ml.so.1: cannot open shared object file: No such file or directory
2024/10/10 (14:15:55) | INFO: Failed to load librocm_smi64.so, AMD GPUs will not be detected: librocm_smi64.so.6: cannot open shared object file: No such file or directory
2024/10/10 (14:15:55) | DEBUG: Failed to find Intel GPU sysfs path, Intel GPUs will not be detected
2024/10/10 (14:15:55) | DEBUG: Shared::init() : Initialized.
2024/10/10 (14:15:55) | DEBUG: Loading theme file: /home/novo/.config/btop/themes/catppuccin_mocha.theme

2024/10/10 (14:45:24) | ===> btop++ v.1.4.0
2024/10/10 (14:45:24) | INFO: Logger set to DEBUG
2024/10/10 (14:45:24) | WARNING: No UTF-8 locale detected! Forcing start with --utf-force argument.
2024/10/10 (14:45:24) | INFO: Running on /dev/pts/1
2024/10/10 (14:45:24) | INFO: Failed to load libnvidia-ml.so, NVIDIA GPUs will not be detected: libnvidia-ml.so.1: cannot open shared object file: No such file or directory
2024/10/10 (14:45:24) | INFO: Failed to load librocm_smi64.so, AMD GPUs will not be detected: librocm_smi64.so.6: cannot open shared object file: No such file or directory
2024/10/10 (14:45:24) | DEBUG: Failed to find Intel GPU sysfs path, Intel GPUs will not be detected
2024/10/10 (14:45:24) | DEBUG: Shared::init() : Initialized.
2024/10/10 (14:45:24) | DEBUG: Loading theme file: /home/novo/.config/btop/themes/catppuccin_mocha.theme
